[2026-01-22 19:17:59,009] 14 root - INFO -initiating data ingestion
[2026-01-22 19:17:59,009] 76 root - INFO -ENTERED initiate_data_ingestion function
[2026-01-22 19:17:59,009] 26 root - INFO -ENTERED export_collection_as_df function
[2026-01-22 19:18:02,756] 35 root - INFO -EXITING export_collection_as_df function
[2026-01-22 19:18:02,756] 42 root - INFO -ENTERED export_data_to_feature_store function
[2026-01-22 19:18:02,840] 47 root - INFO -EXITING export_data_to_feature_store function
[2026-01-22 19:18:02,841] 54 root - INFO -ENTERED split_data_to_train_test function
[2026-01-22 19:18:02,845] 58 root - INFO -completed train test split
[2026-01-22 19:18:02,846] 61 root - INFO -exporting train test file path
[2026-01-22 19:18:02,923] 68 root - INFO -exported train and test file
[2026-01-22 19:18:02,923] 69 root - INFO -exiting split_data_to_train_test function
[2026-01-22 19:18:02,923] 16 root - INFO -data validation initiated
[2026-01-22 19:18:03,022] 33 root - INFO -required numbe of column: 2
[2026-01-22 19:18:03,022] 34 root - INFO -data frame has column: 32
[2026-01-22 19:18:03,023] 33 root - INFO -required numbe of column: 2
[2026-01-22 19:18:03,023] 34 root - INFO -data frame has column: 32
[2026-01-22 19:18:03,207] 20 root - INFO -data validation completed
[2026-01-22 19:18:03,207] 43 root - INFO -initiating data transformation...
[2026-01-22 19:18:03,207] 25 root - INFO -reading data...
[2026-01-22 19:18:03,225] 25 root - INFO -reading data...
[2026-01-22 19:18:03,239] 31 root - INFO -entered get_data_transformer_object
[2026-01-22 19:18:03,255] 48 root - INFO -saving the object.....
