[2026-01-25 14:38:51,212] 15 root - INFO -initiating data ingestion
[2026-01-25 14:38:51,213] 76 root - INFO -ENTERED initiate_data_ingestion function
[2026-01-25 14:38:51,213] 26 root - INFO -ENTERED export_collection_as_df function
[2026-01-25 14:38:54,445] 35 root - INFO -EXITING export_collection_as_df function
[2026-01-25 14:38:54,446] 42 root - INFO -ENTERED export_data_to_feature_store function
[2026-01-25 14:38:54,552] 47 root - INFO -EXITING export_data_to_feature_store function
[2026-01-25 14:38:54,552] 54 root - INFO -ENTERED split_data_to_train_test function
[2026-01-25 14:38:54,559] 58 root - INFO -completed train test split
[2026-01-25 14:38:54,560] 61 root - INFO -exporting train test file path
[2026-01-25 14:38:54,640] 68 root - INFO -exported train and test file
[2026-01-25 14:38:54,640] 69 root - INFO -exiting split_data_to_train_test function
[2026-01-25 14:38:54,641] 17 root - INFO -data validation initiated
[2026-01-25 14:38:54,790] 33 root - INFO -required numbe of column: 2
[2026-01-25 14:38:54,791] 34 root - INFO -data frame has column: 32
[2026-01-25 14:38:54,791] 33 root - INFO -required numbe of column: 2
[2026-01-25 14:38:54,791] 34 root - INFO -data frame has column: 32
[2026-01-25 14:38:54,952] 21 root - INFO -data validation completed
[2026-01-25 14:38:54,952] 43 root - INFO -initiating data transformation...
[2026-01-25 14:38:54,952] 25 root - INFO -reading data...
[2026-01-25 14:38:54,967] 25 root - INFO -reading data...
[2026-01-25 14:38:54,979] 31 root - INFO -entered get_data_transformer_object
[2026-01-25 14:38:54,992] 49 root - INFO -saving the object.....
[2026-01-25 14:38:54,996] 62 root - INFO -object saved sucessfully
[2026-01-25 14:38:54,996] 75 root - INFO -data transformation completed
[2026-01-25 14:38:54,997] 25 root - INFO -started model training
