[2026-01-24 17:23:53,443] 15 root - INFO -initiating data ingestion
[2026-01-24 17:23:53,443] 76 root - INFO -ENTERED initiate_data_ingestion function
[2026-01-24 17:23:53,444] 26 root - INFO -ENTERED export_collection_as_df function
[2026-01-24 17:23:56,643] 35 root - INFO -EXITING export_collection_as_df function
[2026-01-24 17:23:56,643] 42 root - INFO -ENTERED export_data_to_feature_store function
[2026-01-24 17:23:56,734] 47 root - INFO -EXITING export_data_to_feature_store function
[2026-01-24 17:23:56,735] 54 root - INFO -ENTERED split_data_to_train_test function
[2026-01-24 17:23:56,740] 58 root - INFO -completed train test split
[2026-01-24 17:23:56,744] 61 root - INFO -exporting train test file path
[2026-01-24 17:23:56,808] 68 root - INFO -exported train and test file
[2026-01-24 17:23:56,808] 69 root - INFO -exiting split_data_to_train_test function
[2026-01-24 17:23:56,809] 17 root - INFO -data validation initiated
[2026-01-24 17:23:56,900] 33 root - INFO -required numbe of column: 2
[2026-01-24 17:23:56,900] 34 root - INFO -data frame has column: 32
[2026-01-24 17:23:56,900] 33 root - INFO -required numbe of column: 2
[2026-01-24 17:23:56,900] 34 root - INFO -data frame has column: 32
[2026-01-24 17:23:57,125] 21 root - INFO -data validation completed
[2026-01-24 17:23:57,125] 43 root - INFO -initiating data transformation...
[2026-01-24 17:23:57,125] 25 root - INFO -reading data...
[2026-01-24 17:23:57,144] 25 root - INFO -reading data...
[2026-01-24 17:23:57,155] 31 root - INFO -entered get_data_transformer_object
[2026-01-24 17:23:57,168] 49 root - INFO -saving the object.....
[2026-01-24 17:23:57,171] 62 root - INFO -object saved sucessfully
[2026-01-24 17:23:57,172] 75 root - INFO -data transformation completed
[2026-01-24 17:23:57,172] 25 root - INFO -started model training
