[2026-01-22 19:21:33,151] 14 root - INFO -initiating data ingestion
[2026-01-22 19:21:33,151] 76 root - INFO -ENTERED initiate_data_ingestion function
[2026-01-22 19:21:33,151] 26 root - INFO -ENTERED export_collection_as_df function
[2026-01-22 19:21:36,910] 35 root - INFO -EXITING export_collection_as_df function
[2026-01-22 19:21:36,911] 42 root - INFO -ENTERED export_data_to_feature_store function
[2026-01-22 19:21:36,964] 47 root - INFO -EXITING export_data_to_feature_store function
[2026-01-22 19:21:36,964] 54 root - INFO -ENTERED split_data_to_train_test function
[2026-01-22 19:21:36,968] 58 root - INFO -completed train test split
[2026-01-22 19:21:36,969] 61 root - INFO -exporting train test file path
[2026-01-22 19:21:37,021] 68 root - INFO -exported train and test file
[2026-01-22 19:21:37,021] 69 root - INFO -exiting split_data_to_train_test function
[2026-01-22 19:21:37,021] 16 root - INFO -data validation initiated
[2026-01-22 19:21:37,116] 33 root - INFO -required numbe of column: 2
[2026-01-22 19:21:37,117] 34 root - INFO -data frame has column: 32
[2026-01-22 19:21:37,117] 33 root - INFO -required numbe of column: 2
[2026-01-22 19:21:37,117] 34 root - INFO -data frame has column: 32
[2026-01-22 19:21:37,281] 20 root - INFO -data validation completed
[2026-01-22 19:21:37,281] 43 root - INFO -initiating data transformation...
[2026-01-22 19:21:37,281] 25 root - INFO -reading data...
[2026-01-22 19:21:37,297] 25 root - INFO -reading data...
[2026-01-22 19:21:37,308] 31 root - INFO -entered get_data_transformer_object
[2026-01-22 19:21:37,328] 48 root - INFO -saving the object.....
