[2026-01-24 17:25:55,856] 15 root - INFO -initiating data ingestion
[2026-01-24 17:25:55,856] 76 root - INFO -ENTERED initiate_data_ingestion function
[2026-01-24 17:25:55,856] 26 root - INFO -ENTERED export_collection_as_df function
[2026-01-24 17:25:59,318] 35 root - INFO -EXITING export_collection_as_df function
[2026-01-24 17:25:59,318] 42 root - INFO -ENTERED export_data_to_feature_store function
[2026-01-24 17:25:59,401] 47 root - INFO -EXITING export_data_to_feature_store function
[2026-01-24 17:25:59,402] 54 root - INFO -ENTERED split_data_to_train_test function
[2026-01-24 17:25:59,408] 58 root - INFO -completed train test split
[2026-01-24 17:25:59,412] 61 root - INFO -exporting train test file path
[2026-01-24 17:25:59,484] 68 root - INFO -exported train and test file
[2026-01-24 17:25:59,484] 69 root - INFO -exiting split_data_to_train_test function
[2026-01-24 17:25:59,485] 17 root - INFO -data validation initiated
[2026-01-24 17:25:59,567] 33 root - INFO -required numbe of column: 2
[2026-01-24 17:25:59,567] 34 root - INFO -data frame has column: 32
[2026-01-24 17:25:59,567] 33 root - INFO -required numbe of column: 2
[2026-01-24 17:25:59,567] 34 root - INFO -data frame has column: 32
[2026-01-24 17:25:59,804] 21 root - INFO -data validation completed
[2026-01-24 17:25:59,805] 43 root - INFO -initiating data transformation...
[2026-01-24 17:25:59,805] 25 root - INFO -reading data...
[2026-01-24 17:25:59,825] 25 root - INFO -reading data...
[2026-01-24 17:25:59,834] 31 root - INFO -entered get_data_transformer_object
[2026-01-24 17:25:59,848] 49 root - INFO -saving the object.....
[2026-01-24 17:25:59,852] 62 root - INFO -object saved sucessfully
[2026-01-24 17:25:59,852] 75 root - INFO -data transformation completed
[2026-01-24 17:25:59,853] 25 root - INFO -started model training
[2026-01-24 17:27:38,452] 49 root - INFO -saving the object.....
[2026-01-24 17:27:38,514] 62 root - INFO -object saved sucessfully
