[2026-01-24 17:34:33,650] 15 root - INFO -initiating data ingestion
[2026-01-24 17:34:33,650] 76 root - INFO -ENTERED initiate_data_ingestion function
[2026-01-24 17:34:33,651] 26 root - INFO -ENTERED export_collection_as_df function
[2026-01-24 17:34:37,751] 35 root - INFO -EXITING export_collection_as_df function
[2026-01-24 17:34:37,752] 42 root - INFO -ENTERED export_data_to_feature_store function
[2026-01-24 17:34:37,903] 47 root - INFO -EXITING export_data_to_feature_store function
[2026-01-24 17:34:37,903] 54 root - INFO -ENTERED split_data_to_train_test function
[2026-01-24 17:34:37,909] 58 root - INFO -completed train test split
[2026-01-24 17:34:37,913] 61 root - INFO -exporting train test file path
[2026-01-24 17:34:38,046] 68 root - INFO -exported train and test file
[2026-01-24 17:34:38,047] 69 root - INFO -exiting split_data_to_train_test function
[2026-01-24 17:34:38,048] 17 root - INFO -data validation initiated
[2026-01-24 17:34:38,225] 33 root - INFO -required numbe of column: 2
[2026-01-24 17:34:38,225] 34 root - INFO -data frame has column: 32
[2026-01-24 17:34:38,225] 33 root - INFO -required numbe of column: 2
[2026-01-24 17:34:38,226] 34 root - INFO -data frame has column: 32
[2026-01-24 17:34:38,687] 21 root - INFO -data validation completed
[2026-01-24 17:34:38,687] 43 root - INFO -initiating data transformation...
[2026-01-24 17:34:38,688] 25 root - INFO -reading data...
[2026-01-24 17:34:38,736] 25 root - INFO -reading data...
[2026-01-24 17:34:38,766] 31 root - INFO -entered get_data_transformer_object
[2026-01-24 17:34:38,808] 49 root - INFO -saving the object.....
[2026-01-24 17:34:38,817] 62 root - INFO -object saved sucessfully
[2026-01-24 17:34:38,817] 75 root - INFO -data transformation completed
[2026-01-24 17:34:38,820] 25 root - INFO -started model training
[2026-01-24 17:38:34,313] 49 root - INFO -saving the object.....
[2026-01-24 17:38:34,368] 62 root - INFO -object saved sucessfully
