[2026-01-22 19:23:28,089] 14 root - INFO -initiating data ingestion
[2026-01-22 19:23:28,089] 76 root - INFO -ENTERED initiate_data_ingestion function
[2026-01-22 19:23:28,089] 26 root - INFO -ENTERED export_collection_as_df function
[2026-01-22 19:23:31,327] 35 root - INFO -EXITING export_collection_as_df function
[2026-01-22 19:23:31,327] 42 root - INFO -ENTERED export_data_to_feature_store function
[2026-01-22 19:23:31,393] 47 root - INFO -EXITING export_data_to_feature_store function
[2026-01-22 19:23:31,393] 54 root - INFO -ENTERED split_data_to_train_test function
[2026-01-22 19:23:31,396] 58 root - INFO -completed train test split
[2026-01-22 19:23:31,397] 61 root - INFO -exporting train test file path
[2026-01-22 19:23:31,459] 68 root - INFO -exported train and test file
[2026-01-22 19:23:31,459] 69 root - INFO -exiting split_data_to_train_test function
[2026-01-22 19:23:31,460] 16 root - INFO -data validation initiated
[2026-01-22 19:23:31,536] 33 root - INFO -required numbe of column: 2
[2026-01-22 19:23:31,536] 34 root - INFO -data frame has column: 32
[2026-01-22 19:23:31,536] 33 root - INFO -required numbe of column: 2
[2026-01-22 19:23:31,536] 34 root - INFO -data frame has column: 32
[2026-01-22 19:23:31,678] 20 root - INFO -data validation completed
[2026-01-22 19:23:31,678] 43 root - INFO -initiating data transformation...
[2026-01-22 19:23:31,678] 25 root - INFO -reading data...
[2026-01-22 19:23:31,695] 25 root - INFO -reading data...
[2026-01-22 19:23:31,704] 31 root - INFO -entered get_data_transformer_object
[2026-01-22 19:23:31,718] 48 root - INFO -saving the object.....
[2026-01-22 19:23:31,723] 61 root - INFO -object saved sucessfully
[2026-01-22 19:23:31,723] 75 root - INFO -data transformation completed
